
LOG
112784_2.tap created by OTP2TAP 1.01 on Fri Aug 09 21:08:02 2019



-------------------------------------------
PRIMOS TAPSAV TAPE 1600PE
SWT 11/27/84
Tape #2 of 2
.

-------------------------------------------

Rewinding tape.

Reading...

1 x 24 bytes
Tapemark hit at block 2
39 x 4096 bytes
1 x 1918 bytes
1 x 150 bytes
1 x 1310 bytes
1 x 150 bytes
1 x 2078 bytes
1 x 150 bytes
1 x 1128 bytes
1 x 150 bytes
1 x 2058 bytes
1 x 102 bytes
1 x 174 bytes
1 x 102 bytes
1 x 60 bytes
1 x 102 bytes
1 x 60 bytes
1 x 102 bytes
1 x 60 bytes
1 x 102 bytes
1 x 60 bytes
1 x 102 bytes
1 x 60 bytes
1 x 150 bytes
1 x 542 bytes
3 x 150 bytes
1 x 154 bytes
1 x 150 bytes
1 x 90 bytes
1 x 150 bytes
1 x 134 bytes
1 x 150 bytes
1 x 424 bytes
1 x 150 bytes
1 x 158 bytes
1 x 150 bytes
1 x 496 bytes
1 x 150 bytes
1 x 142 bytes
1 x 150 bytes
1 x 448 bytes
1 x 150 bytes
1 x 164 bytes
1 x 150 bytes
1 x 160 bytes
1 x 150 bytes
1 x 182 bytes
1 x 150 bytes
1 x 148 bytes
1 x 150 bytes
1 x 358 bytes
1 x 150 bytes
1 x 382 bytes
1 x 150 bytes
1 x 148 bytes
1 x 150 bytes
1 x 424 bytes
1 x 150 bytes
1 x 144 bytes
1 x 150 bytes
1 x 416 bytes
1 x 150 bytes
1 x 160 bytes
1 x 150 bytes
1 x 464 bytes
1 x 150 bytes
1 x 146 bytes
1 x 150 bytes
1 x 330 bytes
1 x 150 bytes
1 x 162 bytes
1 x 150 bytes
1 x 1386 bytes
1 x 150 bytes
1 x 140 bytes
1 x 150 bytes
1 x 378 bytes
1 x 150 bytes
1 x 242 bytes
1 x 150 bytes
1 x 232 bytes
1 x 150 bytes
1 x 140 bytes
1 x 150 bytes
1 x 416 bytes
3 x 150 bytes
1 x 426 bytes
1 x 150 bytes
1 x 142 bytes
1 x 150 bytes
1 x 434 bytes
1 x 150 bytes
1 x 138 bytes
1 x 150 bytes
1 x 412 bytes
1 x 150 bytes
1 x 240 bytes
1 x 150 bytes
1 x 406 bytes
1 x 150 bytes
1 x 486 bytes
1 x 150 bytes
1 x 114 bytes
1 x 150 bytes
1 x 2844 bytes
1 x 150 bytes
1 x 672 bytes
1 x 150 bytes
1 x 224 bytes
1 x 150 bytes
1 x 206 bytes
1 x 150 bytes
1 x 140 bytes
1 x 150 bytes
1 x 424 bytes
1 x 150 bytes
1 x 152 bytes
1 x 150 bytes
1 x 256 bytes
1 x 150 bytes
1 x 188 bytes
1 x 150 bytes
1 x 140 bytes
1 x 150 bytes
1 x 98 bytes
1 x 150 bytes
1 x 118 bytes
1 x 150 bytes
1 x 264 bytes
1 x 150 bytes
1 x 138 bytes
1 x 150 bytes
1 x 418 bytes
1 x 150 bytes
1 x 1702 bytes
1 x 150 bytes
1 x 4096 bytes
1 x 2596 bytes
1 x 150 bytes
1 x 842 bytes
1 x 150 bytes
1 x 438 bytes
1 x 150 bytes
1 x 1182 bytes
1 x 150 bytes
1 x 3612 bytes
1 x 150 bytes
1 x 190 bytes
1 x 150 bytes
1 x 392 bytes
1 x 150 bytes
1 x 546 bytes
1 x 150 bytes
1 x 1776 bytes
1 x 150 bytes
1 x 1274 bytes
1 x 150 bytes
1 x 1114 bytes
1 x 150 bytes
1 x 724 bytes
1 x 150 bytes
1 x 146 bytes
1 x 150 bytes
1 x 4096 bytes
1 x 450 bytes
1 x 150 bytes
1 x 696 bytes
1 x 150 bytes
1 x 2042 bytes
1 x 150 bytes
1 x 296 bytes
1 x 150 bytes
2 x 4096 bytes
1 x 2078 bytes
1 x 150 bytes
1 x 2740 bytes
1 x 150 bytes
1 x 1186 bytes
1 x 150 bytes
1 x 4096 bytes
1 x 2864 bytes
1 x 150 bytes
1 x 4096 bytes
1 x 24 bytes
1 x 150 bytes
1 x 1038 bytes
1 x 150 bytes
1 x 334 bytes
1 x 150 bytes
1 x 2992 bytes
1 x 150 bytes
1 x 2182 bytes
1 x 150 bytes
1 x 2798 bytes
1 x 150 bytes
1 x 1002 bytes
1 x 150 bytes
1 x 2134 bytes
1 x 150 bytes
1 x 4096 bytes
1 x 426 bytes
1 x 150 bytes
1 x 2028 bytes
1 x 150 bytes
1 x 1344 bytes
1 x 150 bytes
1 x 1226 bytes
1 x 150 bytes
1 x 2216 bytes
1 x 150 bytes
1 x 4096 bytes
1 x 904 bytes
1 x 150 bytes
1 x 578 bytes
1 x 150 bytes
1 x 662 bytes
1 x 150 bytes
1 x 166 bytes
1 x 150 bytes
1 x 526 bytes
1 x 150 bytes
1 x 1714 bytes
1 x 150 bytes
1 x 1254 bytes
1 x 150 bytes
1 x 782 bytes
1 x 150 bytes
1 x 266 bytes
1 x 150 bytes
1 x 4096 bytes
1 x 3318 bytes
1 x 150 bytes
1 x 462 bytes
1 x 150 bytes
1 x 4096 bytes
1 x 1082 bytes
1 x 150 bytes
1 x 4096 bytes
1 x 3586 bytes
1 x 150 bytes
1 x 1530 bytes
1 x 150 bytes
1 x 618 bytes
1 x 150 bytes
1 x 366 bytes
1 x 150 bytes
2 x 4096 bytes
1 x 2960 bytes
1 x 150 bytes
1 x 958 bytes
1 x 150 bytes
1 x 1270 bytes
1 x 150 bytes
1 x 1060 bytes
1 x 150 bytes
1 x 870 bytes
1 x 150 bytes
1 x 1040 bytes
1 x 150 bytes
1 x 2662 bytes
1 x 150 bytes
1 x 3522 bytes
1 x 150 bytes
1 x 2688 bytes
1 x 150 bytes
1 x 2522 bytes
1 x 150 bytes
1 x 900 bytes
1 x 150 bytes
1 x 958 bytes
1 x 150 bytes
1 x 586 bytes
1 x 150 bytes
1 x 4096 bytes
1 x 1880 bytes
1 x 150 bytes
2 x 4096 bytes
1 x 3434 bytes
1 x 150 bytes
1 x 4096 bytes
1 x 432 bytes
1 x 150 bytes
2 x 4096 bytes
1 x 2810 bytes
1 x 150 bytes
1 x 4096 bytes
1 x 632 bytes
1 x 150 bytes
2 x 4096 bytes
1 x 1586 bytes
1 x 150 bytes
1 x 4096 bytes
1 x 900 bytes
1 x 150 bytes
1 x 4096 bytes
1 x 604 bytes
1 x 150 bytes
3 x 4096 bytes
1 x 724 bytes
1 x 150 bytes
1 x 4096 bytes
1 x 2692 bytes
1 x 150 bytes
2 x 4096 bytes
1 x 3650 bytes
1 x 150 bytes
2 x 4096 bytes
1 x 3650 bytes
1 x 150 bytes
1 x 4096 bytes
1 x 1456 bytes
1 x 150 bytes
1 x 4096 bytes
1 x 180 bytes
1 x 150 bytes
1 x 4096 bytes
1 x 1428 bytes
1 x 150 bytes
2 x 4096 bytes
1 x 2846 bytes
1 x 150 bytes
1 x 4096 bytes
1 x 3060 bytes
1 x 150 bytes
2 x 4096 bytes
1 x 3278 bytes
1 x 150 bytes
1 x 4096 bytes
1 x 340 bytes
1 x 150 bytes
1 x 2398 bytes
1 x 150 bytes
1 x 632 bytes
1 x 150 bytes
1 x 638 bytes
1 x 150 bytes
1 x 982 bytes
1 x 150 bytes
1 x 2536 bytes
1 x 150 bytes
1 x 834 bytes
1 x 150 bytes
1 x 3252 bytes
1 x 150 bytes
1 x 4096 bytes
1 x 3250 bytes
1 x 150 bytes
1 x 2692 bytes
1 x 150 bytes
1 x 670 bytes
1 x 150 bytes
1 x 730 bytes
1 x 150 bytes
1 x 1038 bytes
1 x 150 bytes
1 x 554 bytes
1 x 150 bytes
1 x 3466 bytes
1 x 150 bytes
1 x 3164 bytes
1 x 150 bytes
1 x 746 bytes
1 x 150 bytes
1 x 166 bytes
1 x 150 bytes
1 x 1210 bytes
1 x 150 bytes
1 x 1120 bytes
1 x 150 bytes
1 x 942 bytes
1 x 150 bytes
1 x 2918 bytes
1 x 150 bytes
1 x 454 bytes
1 x 150 bytes
1 x 1358 bytes
1 x 150 bytes
2 x 4096 bytes
1 x 1268 bytes
1 x 150 bytes
1 x 610 bytes
1 x 150 bytes
1 x 798 bytes
1 x 150 bytes
1 x 64 bytes
1 x 150 bytes
14 x 4096 bytes
1 x 526 bytes
1 x 150 bytes
2 x 4096 bytes
1 x 2458 bytes
1 x 150 bytes
4 x 4096 bytes
1 x 1906 bytes
1 x 150 bytes
1 x 3424 bytes
1 x 150 bytes
6 x 4096 bytes
1 x 1036 bytes
1 x 150 bytes
7 x 4096 bytes
1 x 258 bytes
1 x 150 bytes
4 x 4096 bytes
1 x 1708 bytes
1 x 150 bytes
1 x 10 bytes
1 x 198 bytes
2 x 4096 bytes
1 x 3218 bytes
2 x 198 bytes
1 x 4096 bytes
1 x 12 bytes
1 x 198 bytes
1 x 4096 bytes
1 x 12 bytes
1 x 198 bytes
1 x 4096 bytes
1 x 12 bytes
1 x 198 bytes
1 x 4096 bytes
1 x 12 bytes
1 x 198 bytes
1 x 4096 bytes
1 x 12 bytes
1 x 198 bytes
1 x 4096 bytes
1 x 12 bytes
1 x 198 bytes
1 x 4096 bytes
1 x 12 bytes
1 x 198 bytes
1 x 4096 bytes
1 x 12 bytes
1 x 198 bytes
1 x 4096 bytes
1 x 12 bytes
1 x 198 bytes
1 x 4096 bytes
1 x 12 bytes
1 x 198 bytes
1 x 4096 bytes
1 x 12 bytes
1 x 198 bytes
1 x 4096 bytes
1 x 12 bytes
1 x 198 bytes
1 x 4096 bytes
1 x 12 bytes
1 x 198 bytes
1 x 4096 bytes
1 x 12 bytes
1 x 198 bytes
1 x 4096 bytes
1 x 12 bytes
1 x 198 bytes
1 x 4096 bytes
1 x 12 bytes
1 x 198 bytes
1 x 4096 bytes
1 x 12 bytes
1 x 198 bytes
1 x 4096 bytes
1 x 12 bytes
1 x 198 bytes
1 x 4096 bytes
1 x 12 bytes
1 x 198 bytes
1 x 4096 bytes
1 x 12 bytes
1 x 198 bytes
1 x 4096 bytes
1 x 12 bytes
1 x 198 bytes
1 x 4096 bytes
1 x 12 bytes
1 x 198 bytes
1 x 4096 bytes
1 x 12 bytes
1 x 198 bytes
1 x 4096 bytes
1 x 12 bytes
1 x 198 bytes
1 x 4096 bytes
1 x 12 bytes
1 x 198 bytes
1 x 4096 bytes
1 x 12 bytes
1 x 198 bytes
1 x 4096 bytes
1 x 12 bytes
1 x 198 bytes
1 x 4096 bytes
1 x 12 bytes
1 x 198 bytes
1 x 4096 bytes
1 x 12 bytes
1 x 198 bytes
1 x 4096 bytes
1 x 12 bytes
1 x 198 bytes
1 x 4096 bytes
1 x 12 bytes
1 x 198 bytes
1 x 4096 bytes
1 x 12 bytes
1 x 198 bytes
1 x 4096 bytes
1 x 12 bytes
1 x 198 bytes
1 x 4096 bytes
1 x 12 bytes
1 x 198 bytes
1 x 4096 bytes
1 x 12 bytes
1 x 198 bytes
1 x 4096 bytes
1 x 12 bytes
1 x 198 bytes
1 x 4096 bytes
1 x 12 bytes
1 x 198 bytes
1 x 4096 bytes
1 x 12 bytes
1 x 198 bytes
1 x 4096 bytes
1 x 12 bytes
1 x 198 bytes
1 x 4096 bytes
1 x 12 bytes
1 x 198 bytes
1 x 4096 bytes
1 x 12 bytes
1 x 150 bytes
1 x 2598 bytes
1 x 150 bytes
1 x 3676 bytes
1 x 150 bytes
8 x 4096 bytes
1 x 246 bytes
1 x 150 bytes
1 x 64 bytes
1 x 102 bytes
1 x 92 bytes
1 x 102 bytes
1 x 60 bytes
1 x 150 bytes
1 x 842 bytes
1 x 150 bytes
1 x 134 bytes
1 x 150 bytes
1 x 500 bytes
1 x 150 bytes
1 x 242 bytes
1 x 150 bytes
1 x 468 bytes
1 x 150 bytes
1 x 164 bytes
1 x 150 bytes
1 x 122 bytes
1 x 150 bytes
1 x 700 bytes
1 x 150 bytes
1 x 444 bytes
1 x 150 bytes
1 x 176 bytes
1 x 150 bytes
1 x 3252 bytes
1 x 150 bytes
4 x 4096 bytes
1 x 2564 bytes
1 x 150 bytes
3 x 4096 bytes
1 x 1554 bytes
1 x 150 bytes
2 x 4096 bytes
1 x 916 bytes
1 x 150 bytes
1 x 1684 bytes
1 x 150 bytes
1 x 1598 bytes
1 x 150 bytes
1 x 988 bytes
1 x 150 bytes
1 x 428 bytes
1 x 150 bytes
1 x 2988 bytes
1 x 150 bytes
1 x 3216 bytes
1 x 150 bytes
1 x 860 bytes
1 x 150 bytes
1 x 4096 bytes
1 x 3554 bytes
1 x 150 bytes
1 x 2300 bytes
1 x 150 bytes
1 x 3252 bytes
1 x 150 bytes
5 x 4096 bytes
1 x 2094 bytes
1 x 150 bytes
1 x 1012 bytes
1 x 150 bytes
1 x 2706 bytes
1 x 150 bytes
1 x 654 bytes
1 x 150 bytes
1 x 718 bytes
1 x 150 bytes
1 x 1008 bytes
1 x 150 bytes
1 x 1284 bytes
1 x 150 bytes
1 x 2278 bytes
1 x 150 bytes
1 x 458 bytes
1 x 150 bytes
1 x 4096 bytes
1 x 2070 bytes
1 x 150 bytes
1 x 1420 bytes
1 x 150 bytes
2 x 4096 bytes
1 x 2112 bytes
1 x 150 bytes
3 x 4096 bytes
1 x 2016 bytes
1 x 150 bytes
1 x 10 bytes
1 x 198 bytes
1 x 2128 bytes
2 x 198 bytes
1 x 4096 bytes
1 x 12 bytes
1 x 198 bytes
1 x 4096 bytes
1 x 12 bytes
1 x 150 bytes
1 x 3936 bytes
1 x 150 bytes
1 x 4096 bytes
1 x 1340 bytes
1 x 150 bytes
5 x 4096 bytes
1 x 2034 bytes
1 x 150 bytes
3 x 4096 bytes
1 x 2774 bytes
1 x 150 bytes
1 x 954 bytes
1 x 150 bytes
12 x 4096 bytes
1 x 148 bytes
1 x 150 bytes
1 x 10 bytes
1 x 198 bytes
2 x 4096 bytes
1 x 482 bytes
2 x 198 bytes
1 x 4096 bytes
1 x 12 bytes
1 x 198 bytes
1 x 4096 bytes
1 x 12 bytes
1 x 198 bytes
1 x 4096 bytes
1 x 12 bytes
1 x 198 bytes
1 x 4096 bytes
1 x 12 bytes
1 x 198 bytes
1 x 4096 bytes
1 x 12 bytes
1 x 198 bytes
1 x 4096 bytes
1 x 12 bytes
1 x 198 bytes
1 x 4096 bytes
1 x 12 bytes
1 x 198 bytes
1 x 4096 bytes
1 x 12 bytes
1 x 198 bytes
1 x 4096 bytes
1 x 12 bytes
1 x 198 bytes
1 x 4096 bytes
1 x 12 bytes
1 x 198 bytes
1 x 4096 bytes
1 x 12 bytes
1 x 198 bytes
1 x 4096 bytes
1 x 12 bytes
1 x 198 bytes
1 x 4096 bytes
1 x 12 bytes
1 x 198 bytes
1 x 4096 bytes
1 x 12 bytes
1 x 198 bytes
1 x 4096 bytes
1 x 12 bytes
1 x 198 bytes
1 x 4096 bytes
1 x 12 bytes
1 x 198 bytes
1 x 4096 bytes
1 x 12 bytes
1 x 198 bytes
1 x 4096 bytes
1 x 12 bytes
1 x 198 bytes
1 x 4096 bytes
1 x 12 bytes
1 x 198 bytes
1 x 4096 bytes
1 x 12 bytes
1 x 198 bytes
1 x 4096 bytes
1 x 12 bytes
1 x 198 bytes
1 x 4096 bytes
1 x 12 bytes
1 x 198 bytes
1 x 4096 bytes
1 x 12 bytes
1 x 198 bytes
1 x 4096 bytes
1 x 12 bytes
1 x 198 bytes
1 x 4096 bytes
1 x 12 bytes
1 x 198 bytes
1 x 4096 bytes
1 x 12 bytes
1 x 198 bytes
1 x 4096 bytes
1 x 12 bytes
1 x 198 bytes
1 x 4096 bytes
1 x 12 bytes
1 x 198 bytes
1 x 4096 bytes
1 x 12 bytes
1 x 198 bytes
1 x 4096 bytes
1 x 12 bytes
1 x 198 bytes
1 x 4096 bytes
1 x 12 bytes
1 x 198 bytes
1 x 4096 bytes
1 x 12 bytes
1 x 198 bytes
1 x 4096 bytes
1 x 12 bytes
1 x 198 bytes
1 x 4096 bytes
1 x 12 bytes
1 x 198 bytes
1 x 4096 bytes
1 x 12 bytes
1 x 198 bytes
1 x 4096 bytes
1 x 12 bytes
1 x 198 bytes
1 x 4096 bytes
1 x 12 bytes
1 x 198 bytes
1 x 4096 bytes
1 x 12 bytes
1 x 198 bytes
1 x 4096 bytes
1 x 12 bytes
1 x 198 bytes
1 x 4096 bytes
1 x 12 bytes
1 x 198 bytes
1 x 4096 bytes
1 x 12 bytes
1 x 198 bytes
1 x 4096 bytes
1 x 12 bytes
1 x 198 bytes
1 x 4096 bytes
1 x 12 bytes
1 x 198 bytes
1 x 4096 bytes
1 x 12 bytes
1 x 198 bytes
1 x 4096 bytes
1 x 12 bytes
1 x 198 bytes
1 x 4096 bytes
1 x 12 bytes
1 x 198 bytes
1 x 4096 bytes
1 x 12 bytes
1 x 198 bytes
1 x 4096 bytes
1 x 12 bytes
1 x 198 bytes
1 x 4096 bytes
1 x 12 bytes
1 x 198 bytes
1 x 4096 bytes
1 x 12 bytes
1 x 198 bytes
1 x 4096 bytes
1 x 12 bytes
1 x 198 bytes
1 x 4096 bytes
1 x 12 bytes
1 x 198 bytes
1 x 4096 bytes
1 x 12 bytes
1 x 198 bytes
1 x 4096 bytes
1 x 12 bytes
1 x 198 bytes
1 x 4096 bytes
1 x 12 bytes
1 x 198 bytes
1 x 4096 bytes
1 x 12 bytes
1 x 198 bytes
1 x 4096 bytes
1 x 12 bytes
1 x 198 bytes
1 x 4096 bytes
1 x 12 bytes
1 x 198 bytes
1 x 4096 bytes
1 x 12 bytes
1 x 198 bytes
1 x 4096 bytes
1 x 12 bytes
1 x 198 bytes
1 x 4096 bytes
1 x 12 bytes
1 x 198 bytes
1 x 4096 bytes
1 x 12 bytes
1 x 198 bytes
1 x 4096 bytes
1 x 12 bytes
1 x 198 bytes
1 x 4096 bytes
1 x 12 bytes
1 x 198 bytes
1 x 4096 bytes
1 x 12 bytes
1 x 198 bytes
1 x 4096 bytes
1 x 12 bytes
1 x 198 bytes
1 x 4096 bytes
1 x 12 bytes
1 x 198 bytes
1 x 4096 bytes
1 x 12 bytes
1 x 198 bytes
1 x 4096 bytes
1 x 12 bytes
1 x 198 bytes
1 x 4096 bytes
1 x 12 bytes
1 x 198 bytes
1 x 4096 bytes
1 x 12 bytes
1 x 198 bytes
1 x 4096 bytes
1 x 12 bytes
1 x 198 bytes
1 x 4096 bytes
1 x 12 bytes
1 x 198 bytes
1 x 4096 bytes
1 x 12 bytes
1 x 150 bytes
2 x 4096 bytes
1 x 2192 bytes
1 x 150 bytes
1 x 1366 bytes
1 x 150 bytes
1 x 3524 bytes
1 x 150 bytes
1 x 4096 bytes
1 x 3590 bytes
1 x 150 bytes
1 x 4096 bytes
1 x 1630 bytes
1 x 150 bytes
1 x 1462 bytes
1 x 150 bytes
1 x 218 bytes
1 x 150 bytes
1 x 2752 bytes
1 x 150 bytes
1 x 2768 bytes
1 x 150 bytes
1 x 3764 bytes
1 x 150 bytes
1 x 2524 bytes
1 x 150 bytes
1 x 1852 bytes
1 x 150 bytes
2 x 4096 bytes
1 x 2146 bytes
1 x 150 bytes
5 x 4096 bytes
1 x 3050 bytes
1 x 150 bytes
1 x 4096 bytes
1 x 1106 bytes
1 x 102 bytes
1 x 60 bytes
1 x 102 bytes
1 x 60 bytes
1 x 102 bytes
1 x 60 bytes
1 x 54 bytes
1 x 174 bytes
1 x 6 bytes
Tapemark hit at block 1061
Tapemark hit at block 1062

Double tapemark -- stopping.
